<?xml version="1.0" encoding="UTF-8" ?>
<testsuites>
    <testsuite name="test/integration/MainPage.test.tsx" timestamp="2022-05-27T12:40:23.114Z" hostname="DESKTOP-JLQKUDM" tests="2" failures="0" errors="0" skipped="0" time="0.1120000000">
        <testcase classname="test/integration/MainPage.test.tsx" name="MainPage &gt; displays posts headers" time="0.0910000000">
            <system-out>
handler

            </system-out>
        </testcase>
        <testcase classname="test/integration/MainPage.test.tsx" name="MainPage &gt; displays posts texts" time="0.0190000000">
            <system-out>
handler

            </system-out>
        </testcase>
    </testsuite>
</testsuites>
