<?xml version="1.0" encoding="UTF-8" ?>
<testsuites>
    <testsuite name="test/integration/MainPage.test.tsx" timestamp="2022-05-27T13:35:44.129Z" hostname="DESKTOP-JLQKUDM" tests="2" failures="0" errors="0" skipped="0" time="0.0940000000">
        <testcase classname="test/integration/MainPage.test.tsx" name="MainPage &gt; displays posts headers" time="0.0710000000">
            <system-out>
handler

            </system-out>
        </testcase>
        <testcase classname="test/integration/MainPage.test.tsx" name="MainPage &gt; displays posts texts" time="0.0210000000">
            <system-out>
handler

            </system-out>
        </testcase>
    </testsuite>
</testsuites>
